<?xml version="1.0" encoding="utf-8"?><testsuites name="pytest tests"><testsuite name="pytest" errors="0" failures="1" skipped="0" tests="8" time="10.901" timestamp="2026-04-28T15:41:17.707553+00:00" hostname="agent-env-ac522c51-d868-46b1-a9ed-929b9fb15c31"><testcase classname="backend.tests.test_case_notes" name="test_create_note_returns_author_id" time="1.729" /><testcase classname="backend.tests.test_case_notes" name="test_list_notes_includes_author_id" time="1.242" /><testcase classname="backend.tests.test_case_notes" name="test_update_note_as_author" time="2.063" /><testcase classname="backend.tests.test_case_notes" name="test_update_nonexistent_note_returns_404" time="0.514"><failure message="AssertionError: {&quot;detail&quot;:&quot;Error actualitzant nota&quot;}&#10;assert 500 == 404&#10; +  where 500 = &lt;Response [500]&gt;.status_code">backend/tests/test_case_notes.py:136: in test_update_nonexistent_note_returns_404
    assert r.status_code == 404, r.text
E   AssertionError: {"detail":"Error actualitzant nota"}
E   assert 500 == 404
E    +  where 500 = &lt;Response [500]&gt;.status_code</failure></testcase><testcase classname="backend.tests.test_case_notes" name="test_update_note_as_non_author_returns_403" time="1.440" /><testcase classname="backend.tests.test_case_notes" name="test_delete_note_as_author" time="2.004" /><testcase classname="backend.tests.test_case_notes" name="test_delete_note_as_non_author_returns_403" time="1.720" /><testcase classname="backend.tests.test_case_notes" name="test_notes_endpoints_require_auth" time="0.113" /></testsuite></testsuites>