<?xml version="1.0" encoding="utf-8"?><testsuites name="pytest tests"><testsuite name="pytest" errors="0" failures="0" skipped="1" tests="29" time="42.094" timestamp="2026-04-28T15:41:40.045895+00:00" hostname="agent-env-ac522c51-d868-46b1-a9ed-929b9fb15c31"><testcase classname="backend.tests.test_phase2_cases_api.TestAuth" name="test_login_admin" time="0.574" /><testcase classname="backend.tests.test_phase2_cases_api.TestConversations" name="test_list_conversations" time="1.344" /><testcase classname="backend.tests.test_phase2_cases_api.TestConversations" name="test_filter_with_pending" time="1.351" /><testcase classname="backend.tests.test_phase2_cases_api.TestConversations" name="test_filter_in_progress" time="1.265" /><testcase classname="backend.tests.test_phase2_cases_api.TestConversations" name="test_get_conversation_detail" time="2.391" /><testcase classname="backend.tests.test_phase2_cases_api.TestConversations" name="test_get_conversation_messages" time="1.842" /><testcase classname="backend.tests.test_phase2_cases_api.TestCases" name="test_list_all_cases" time="1.104" /><testcase classname="backend.tests.test_phase2_cases_api.TestCases" name="test_create_case" time="2.068" /><testcase classname="backend.tests.test_phase2_cases_api.TestCases" name="test_get_case_detail" time="1.615" /><testcase classname="backend.tests.test_phase2_cases_api.TestCases" name="test_change_case_status" time="2.489" /><testcase classname="backend.tests.test_phase2_cases_api.TestCases" name="test_assign_case" time="2.009" /><testcase classname="backend.tests.test_phase2_cases_api.TestCases" name="test_case_notes" time="2.274" /><testcase classname="backend.tests.test_phase2_cases_api.TestCases" name="test_case_events" time="1.706" /><testcase classname="backend.tests.test_phase2_cases_api.TestCases" name="test_link_messages_to_case" time="1.310" /><testcase classname="backend.tests.test_phase2_cases_api.TestDashboard" name="test_get_metrics" time="1.143" /><testcase classname="backend.tests.test_phase2_cases_api.TestAgents" name="test_list_agents" time="0.952" /><testcase classname="backend.tests.test_phase2_cases_api.TestCleanup" name="test_cleanup_test_cases" time="4.898" /><testcase classname="backend.tests.test_templates.TestTemplatesAuth" name="test_no_token_returns_401" time="0.134" /><testcase classname="backend.tests.test_templates.TestTemplatesAuth" name="test_invalid_token_returns_401" time="0.256" /><testcase classname="backend.tests.test_templates.TestTemplatesAuth" name="test_agent_role_returns_403" time="0.434"><skipped type="pytest.skip" message="Agent login failed: 401">/app/backend/tests/test_templates.py:53: Agent login failed: 401</skipped></testcase><testcase classname="backend.tests.test_templates.TestTemplatesList" name="test_list_returns_meta_templates" time="1.228" /><testcase classname="backend.tests.test_templates.TestTemplatesCRUD" name="test_create_template_returns_pending" time="2.349" /><testcase classname="backend.tests.test_templates.TestTemplatesCRUD" name="test_create_invalid_name_returns_400" time="0.347" /><testcase classname="backend.tests.test_templates.TestTemplatesCRUD" name="test_delete_created_template" time="3.857" /><testcase classname="backend.tests.test_templates.TestTemplatesSend" name="test_send_endpoint_accepts_payload" time="1.161" /><testcase classname="backend.tests.test_templates.TestTemplatesSend" name="test_send_requires_auth" time="0.125" /><testcase classname="backend.tests.test_templates.TestTenantIsolationRegression" name="test_conversations_endpoint_scoped" time="0.840" /><testcase classname="backend.tests.test_templates.TestTenantIsolationRegression" name="test_contacts_endpoint_scoped" time="0.481" /><testcase classname="backend.tests.test_templates.TestTenantIsolationRegression" name="test_agents_endpoint_scoped" time="0.450" /></testsuite></testsuites>