<?xml version="1.0" encoding="utf-8"?><testsuites name="pytest tests"><testsuite name="pytest" errors="0" failures="1" skipped="1" tests="37" time="57.100" timestamp="2026-04-28T17:13:13.818376+00:00" hostname="agent-env-ac522c51-d868-46b1-a9ed-929b9fb15c31"><testcase classname="tests.test_templates.TestTemplatesAuth" name="test_no_token_returns_401" time="0.190" /><testcase classname="tests.test_templates.TestTemplatesAuth" name="test_invalid_token_returns_401" time="0.330" /><testcase classname="tests.test_templates.TestTemplatesAuth" name="test_agent_role_returns_403" time="0.360"><skipped type="pytest.skip" message="Agent login failed: 401">/app/backend/tests/test_templates.py:53: Agent login failed: 401</skipped></testcase><testcase classname="tests.test_templates.TestTemplatesList" name="test_list_returns_meta_templates" time="2.024" /><testcase classname="tests.test_templates.TestTemplatesCRUD" name="test_create_template_returns_pending" time="5.612" /><testcase classname="tests.test_templates.TestTemplatesCRUD" name="test_create_invalid_name_returns_400" time="0.704" /><testcase classname="tests.test_templates.TestTemplatesCRUD" name="test_delete_created_template" time="3.171"><failure message="AssertionError: Delete failed: 400 {&quot;detail&quot;:&quot;(#100) Need permission on either WhatsApp Business Account or owner/shared business.&quot;}&#10;assert 400 == 200&#10; +  where 400 = &lt;Response [400]&gt;.status_code">E   AssertionError: Delete failed: 400 {"detail":"(#100) Need permission on either WhatsApp Business Account or owner/shared business."}
    assert 400 == 200
     +  where 400 = &lt;Response [400]&gt;.status_code</failure></testcase><testcase classname="tests.test_templates.TestTemplatesSend" name="test_send_endpoint_accepts_payload" time="0.907" /><testcase classname="tests.test_templates.TestTemplatesSend" name="test_send_requires_auth" time="0.133" /><testcase classname="tests.test_templates.TestTenantIsolationRegression" name="test_conversations_endpoint_scoped" time="0.892" /><testcase classname="tests.test_templates.TestTenantIsolationRegression" name="test_contacts_endpoint_scoped" time="0.529" /><testcase classname="tests.test_templates.TestTenantIsolationRegression" name="test_agents_endpoint_scoped" time="0.458" /><testcase classname="tests.test_case_notes" name="test_create_note_returns_author_id" time="1.533" /><testcase classname="tests.test_case_notes" name="test_list_notes_includes_author_id" time="1.254" /><testcase classname="tests.test_case_notes" name="test_update_note_as_author" time="2.143" /><testcase classname="tests.test_case_notes" name="test_update_nonexistent_note_returns_404" time="0.503" /><testcase classname="tests.test_case_notes" name="test_update_note_as_non_author_returns_403" time="1.419" /><testcase classname="tests.test_case_notes" name="test_delete_note_as_author" time="1.843" /><testcase classname="tests.test_case_notes" name="test_delete_note_as_non_author_returns_403" time="1.728" /><testcase classname="tests.test_case_notes" name="test_notes_endpoints_require_auth" time="0.127" /><testcase classname="tests.test_phase2_cases_api.TestAuth" name="test_login_admin" time="0.524" /><testcase classname="tests.test_phase2_cases_api.TestConversations" name="test_list_conversations" time="1.359" /><testcase classname="tests.test_phase2_cases_api.TestConversations" name="test_filter_with_pending" time="1.299" /><testcase classname="tests.test_phase2_cases_api.TestConversations" name="test_filter_in_progress" time="1.317" /><testcase classname="tests.test_phase2_cases_api.TestConversations" name="test_get_conversation_detail" time="2.319" /><testcase classname="tests.test_phase2_cases_api.TestConversations" name="test_get_conversation_messages" time="2.216" /><testcase classname="tests.test_phase2_cases_api.TestCases" name="test_list_all_cases" time="1.062" /><testcase classname="tests.test_phase2_cases_api.TestCases" name="test_create_case" time="2.136" /><testcase classname="tests.test_phase2_cases_api.TestCases" name="test_get_case_detail" time="1.638" /><testcase classname="tests.test_phase2_cases_api.TestCases" name="test_change_case_status" time="2.555" /><testcase classname="tests.test_phase2_cases_api.TestCases" name="test_assign_case" time="1.925" /><testcase classname="tests.test_phase2_cases_api.TestCases" name="test_case_notes" time="2.244" /><testcase classname="tests.test_phase2_cases_api.TestCases" name="test_case_events" time="1.667" /><testcase classname="tests.test_phase2_cases_api.TestCases" name="test_link_messages_to_case" time="1.276" /><testcase classname="tests.test_phase2_cases_api.TestDashboard" name="test_get_metrics" time="1.167" /><testcase classname="tests.test_phase2_cases_api.TestAgents" name="test_list_agents" time="0.897" /><testcase classname="tests.test_phase2_cases_api.TestCleanup" name="test_cleanup_test_cases" time="5.561" /></testsuite></testsuites>