<?xml version="1.0" encoding="utf-8"?><testsuites name="pytest tests"><testsuite name="pytest" errors="0" failures="0" skipped="1" tests="12" time="14.336" timestamp="2026-04-28T15:02:34.942683+00:00" hostname="agent-env-ac522c51-d868-46b1-a9ed-929b9fb15c31"><testcase classname="backend.tests.test_templates.TestTemplatesAuth" name="test_no_token_returns_401" time="0.200" /><testcase classname="backend.tests.test_templates.TestTemplatesAuth" name="test_invalid_token_returns_401" time="0.321" /><testcase classname="backend.tests.test_templates.TestTemplatesAuth" name="test_agent_role_returns_403" time="0.361"><skipped type="pytest.skip" message="Agent login failed: 401">/app/backend/tests/test_templates.py:53: Agent login failed: 401</skipped></testcase><testcase classname="backend.tests.test_templates.TestTemplatesList" name="test_list_returns_meta_templates" time="1.118" /><testcase classname="backend.tests.test_templates.TestTemplatesCRUD" name="test_create_template_returns_pending" time="2.926" /><testcase classname="backend.tests.test_templates.TestTemplatesCRUD" name="test_create_invalid_name_returns_400" time="0.409" /><testcase classname="backend.tests.test_templates.TestTemplatesCRUD" name="test_delete_created_template" time="3.629" /><testcase classname="backend.tests.test_templates.TestTemplatesSend" name="test_send_endpoint_accepts_payload" time="3.131" /><testcase classname="backend.tests.test_templates.TestTemplatesSend" name="test_send_requires_auth" time="0.132" /><testcase classname="backend.tests.test_templates.TestTenantIsolationRegression" name="test_conversations_endpoint_scoped" time="0.980" /><testcase classname="backend.tests.test_templates.TestTenantIsolationRegression" name="test_contacts_endpoint_scoped" time="0.571" /><testcase classname="backend.tests.test_templates.TestTenantIsolationRegression" name="test_agents_endpoint_scoped" time="0.498" /></testsuite></testsuites>