<?xml version="1.0" encoding="utf-8"?><testsuites name="pytest tests"><testsuite name="pytest" errors="0" failures="0" skipped="0" tests="6" time="9.147" timestamp="2026-04-28T17:12:16.621324+00:00" hostname="agent-env-ac522c51-d868-46b1-a9ed-929b9fb15c31"><testcase classname="tests.test_tenant_credentials.TestTenantCredentialsResolver" name="test_env_fallback_when_tenant_none" time="0.474" /><testcase classname="tests.test_tenant_credentials.TestTenantCredentialsResolver" name="test_tenant_returns_tenant_phone_and_waba" time="2.304" /><testcase classname="tests.test_tenant_credentials.TestTenantCredentialsResolver" name="test_unknown_tenant_falls_back_to_env" time="0.132" /><testcase classname="tests.test_tenant_credentials.TestWhatsAppAccountUpdate" name="test_put_accepts_whatsapp_business_account_id" time="2.157" /><testcase classname="tests.test_tenant_credentials.TestTemplatesList" name="test_list_templates_returns_200" time="1.158" /><testcase classname="tests.test_tenant_credentials.TestOutboundSend" name="test_send_message_uses_tenant_credentials" time="2.868" /></testsuite></testsuites>